<?xml version="1.0" encoding="UTF-8"?>

<beans xmlns="http://www.springframework.org/schema/beans"
	xmlns:xsi="http://www.w3.org/2001/XMLSchema-instance"
	xmlns:aop="http://www.springframework.org/schema/aop"
	xmlns:tx="http://www.springframework.org/schema/tx"
	xmlns:context="http://www.springframework.org/schema/context"
	xsi:schemaLocation="http://www.springframework.org/schema/beans
           http://www.springframework.org/schema/beans/spring-beans-2.0.xsd
           http://www.springframework.org/schema/aop
           http://www.springframework.org/schema/aop/spring-aop-2.0.xsd
           http://www.springframework.org/schema/tx
           http://www.springframework.org/schema/tx/spring-tx-2.0.xsd
           http://www.springframework.org/schema/context
           http://www.springframework.org/schema/context/spring-context-2.5.xsd">

	<context:component-scan base-package="com.orangeleap.tangerine.dao.ibatis"/>

	<aop:config>
		<aop:advisor pointcut="execution(* *..*IBatis*Dao.*(..))" advice-ref="txAdvice" />		
	</aop:config>

	<tx:advice id="txAdvice">
		<tx:attributes>
			<tx:method name="*" />
		</tx:attributes>
	</tx:advice>
	
	<bean id="transactionManager" class="org.springframework.jdbc.datasource.DataSourceTransactionManager">
		<property name="dataSource">
			<ref local="dataSource"/>
		</property>
	</bean>
	
	<bean id="sqlMapClient" class="org.springframework.orm.ibatis.SqlMapClientFactoryBean">
		<property name="configLocation" value="classpath:tangerine-sqlmap-config.xml"/>
		<property name="dataSource" ref="dataSource"/>
	</bean>

	<bean id="dataSource" class="org.apache.commons.dbcp.BasicDataSource" destroy-method="close">
		<property name="driverClassName" value="com.mysql.jdbc.Driver"/>
		<property name="url" value="jdbc:mysql://localhost:3306/orangeleaptest" />
		<property name="username" value="orangeleap"/>
		<property name="password" value="orangeleap"/>
	</bean>

	<bean id="tangerineUserHelper" class="com.orangeleap.tangerine.test.dataprovider.MockTangerineUserHelperProvider" factory-method="createMockUserHelper" />

</beans>