<?xml version="1.0" encoding="UTF-8"?>

<beans xmlns="http://www.springframework.org/schema/beans"
	xmlns:xsi="http://www.w3.org/2001/XMLSchema-instance"
	xmlns:aop="http://www.springframework.org/schema/aop"
	xmlns:tx="http://www.springframework.org/schema/tx"
    xmlns:p="http://www.springframework.org/schema/p"
	xmlns:context="http://www.springframework.org/schema/context"
	xsi:schemaLocation="http://www.springframework.org/schema/beans
           http://www.springframework.org/schema/beans/spring-beans-2.0.xsd
           http://www.springframework.org/schema/aop
           http://www.springframework.org/schema/aop/spring-aop-2.0.xsd
           http://www.springframework.org/schema/tx
           http://www.springframework.org/schema/tx/spring-tx-2.0.xsd
           http://www.springframework.org/schema/context
           http://www.springframework.org/schema/context/spring-context-2.5.xsd">

	
    <!-- Beans defined here will override those with the same IDs in the regular applicationContext.xml --> 
    <bean id="appPropertyPlaceholderConfigurer" class="org.springframework.beans.factory.config.PropertyPlaceholderConfigurer">
		<property name="order" value="1" />
		<property name="locations">
			<list>
				<value>classpath:test.properties</value>
			</list>
		</property>
	</bean>

	<bean id="dataSource" class="org.apache.commons.dbcp.BasicDataSource" destroy-method="close">
		<property name="driverClassName" value="com.mysql.jdbc.Driver"/>
		<property name="url" value="jdbc:mysql://localhost:3306/orangeleaptest" />
		<property name="username" value="orangeleap"/>
		<property name="password" value="orangeleap"/>
	</bean>

    <bean id="dataSource-pooled" class="org.apache.commons.dbcp.BasicDataSource" destroy-method="close">
		<property name="driverClassName" value="com.mysql.jdbc.Driver"/>
		<property name="url" value="jdbc:mysql://localhost:3306/orangeleaptest" />
		<property name="username" value="orangeleap"/>
		<property name="password" value="orangeleap"/>
	</bean>

    <!-- Doesn't appear to be invoked in any test so it appears if 'dataSource-pooled-jndi' is set to any Mock object the tests will run fine --> 
    <bean id="dataSource-pooled-jndi" class="org.springframework.mock.web.MockHttpServletRequest"/>

	<bean id="tangerineUserHelper" class="com.orangeleap.tangerine.test.dataprovider.MockTangerineUserHelperProvider" factory-method="createMockUserHelper" />

	<bean id="paymentGateway" class="com.orangeleap.tangerine.service.payments.OrbitalPaymentGateway">
		<property name="configFile" value="config/linehandler.properties"/>
	</bean>

    <bean id="contextSource" class="org.springframework.ldap.core.support.LdapContextSource">
        <property name="anonymousReadOnly" value="false"/>
        <property name="userDn" value="${ldap.userDn}"/>
        <property name="password" value="${ldap.password}"/>
        <property name="url" value="ldap://${ldap.host}:${ldap.port}/${ldap.root}"/>
    </bean>
    
	<bean id="soapConstituentValidator" class="com.orangeleap.tangerine.ws.validation.ConstituentValidator"/>
	<bean id="soapSaveOrUpdateConstituentRequestValidator" class="com.orangeleap.tangerine.ws.validation.SaveOrUpdateConstituentRequestValidator"/>
	<bean id="soapSiteValidator" class="com.orangeleap.tangerine.ws.validation.SoapSiteValidator"/>	
	<bean id="soapListValidator" class="com.orangeleap.tangerine.ws.validation.SoapListValidator"/>	
	<bean id="validationManager" class="com.orangeleap.tangerine.ws.validation.SoapValidationManager">

		<property name="validators">
			<list>
				<ref bean="soapConstituentValidator"/>
				<ref bean="soapSaveOrUpdateConstituentRequestValidator"/>
				<ref bean="soapSiteValidator"/>
				<ref bean="soapListValidator"/>
			</list>
		</property>
	</bean>    
	
</beans>